# JRE version: Java(TM) SE Runtime Environment (9.0+11) (build 9.0.4+11)
# Java VM: Java HotSpot(TM) 64-Bit Server VM (9.0.4+11, mixed mode, tiered, compressed oops, g1 gc, linux-amd64)
Heap:
 garbage-first heap   total 189440K, used 91436K [0x00000006c0000000, 0x00000006c01005c8, 0x00000007c0000000)
  region size 1024K, 19 young (19456K), 6 survivors (6144K)
 Metaspace       used 67421K, capacity 74402K, committed 74772K, reserved 1114112K
  class space    used 7399K, capacity 9170K, committed 9292K, reserved 1048576K
GC Heap History (10 events):
Event: 6.162 GC heap before
{Heap before GC invocations=37 (full 0):
 garbage-first heap   total 125952K, used 91714K [0x00000006c0000000, 0x00000006c01003d8, 0x00000007c0000000)
  region size 1024K, 24 young (24576K), 3 survivors (3072K)
 Metaspace       used 59474K, capacity 65010K, committed 65172K, reserved 1105920K
  class space    used 6530K, capacity 8031K, committed 8140K, reserved 1048576K
}
Event: 6.170 GC heap after
{Heap after GC invocations=38 (full 0):
 garbage-first heap   total 151552K, used 74294K [0x00000006c0000000, 0x00000006c01004a0, 0x00000007c0000000)
  region size 1024K, 3 young (3072K), 3 survivors (3072K)
 Metaspace       used 59474K, capacity 65010K, committed 65172K, reserved 1105920K
  class space    used 6530K, capacity 8031K, committed 8140K, reserved 1048576K
}
Event: 6.180 GC heap before
{Heap before GC invocations=38 (full 0):
 garbage-first heap   total 151552K, used 78390K [0x00000006c0000000, 0x00000006c01004a0, 0x00000007c0000000)
  region size 1024K, 7 young (7168K), 3 survivors (3072K)
 Metaspace       used 59497K, capacity 65010K, committed 65172K, reserved 1105920K
  class space    used 6534K, capacity 8031K, committed 8140K, reserved 1048576K
}
Event: 6.190 GC heap after
{Heap after GC invocations=39 (full 0):
 garbage-first heap   total 151552K, used 68793K [0x00000006c0000000, 0x00000006c01004a0, 0x00000007c0000000)
  region size 1024K, 1 young (1024K), 1 survivors (1024K)
 Metaspace       used 59497K, capacity 65010K, committed 65172K, reserved 1105920K
  class space    used 6534K, capacity 8031K, committed 8140K, reserved 1048576K
}
Event: 6.276 GC heap before
{Heap before GC invocations=39 (full 0):
 garbage-first heap   total 151552K, used 99513K [0x00000006c0000000, 0x00000006c01004a0, 0x00000007c0000000)
  region size 1024K, 31 young (31744K), 1 survivors (1024K)
 Metaspace       used 60237K, capacity 65760K, committed 65940K, reserved 1107968K
  class space    used 6630K, capacity 8122K, committed 8140K, reserved 1048576K
}
Event: 6.281 GC heap after
{Heap after GC invocations=40 (full 0):
 garbage-first heap   total 151552K, used 68674K [0x00000006c0000000, 0x00000006c01004a0, 0x00000007c0000000)
  region size 1024K, 2 young (2048K), 2 survivors (2048K)
 Metaspace       used 60237K, capacity 65760K, committed 65940K, reserved 1107968K
  class space    used 6630K, capacity 8122K, committed 8140K, reserved 1048576K
}
Event: 6.379 GC heap before
{Heap before GC invocations=40 (full 0):
 garbage-first heap   total 151552K, used 101442K [0x00000006c0000000, 0x00000006c01004a0, 0x00000007c0000000)
  region size 1024K, 34 young (34816K), 2 survivors (2048K)
 Metaspace       used 61841K, capacity 67876K, committed 68116K, reserved 1110016K
  class space    used 6837K, capacity 8473K, committed 8524K, reserved 1048576K
}
Event: 6.383 GC heap after
{Heap after GC invocations=41 (full 0):
 garbage-first heap   total 151552K, used 71149K [0x00000006c0000000, 0x00000006c01004a0, 0x00000007c0000000)
  region size 1024K, 5 young (5120K), 5 survivors (5120K)
 Metaspace       used 61841K, capacity 67876K, committed 68116K, reserved 1110016K
  class space    used 6837K, capacity 8473K, committed 8524K, reserved 1048576K
}
Event: 7.235 GC heap before
{Heap before GC invocations=41 (full 0):
 garbage-first heap   total 151552K, used 110061K [0x00000006c0000000, 0x00000006c01004a0, 0x00000007c0000000)
  region size 1024K, 41 young (41984K), 5 survivors (5120K)
 Metaspace       used 67318K, capacity 74276K, committed 74388K, reserved 1114112K
  class space    used 7389K, capacity 9130K, committed 9164K, reserved 1048576K
}
Event: 7.243 GC heap after
{Heap after GC invocations=42 (full 0):
 garbage-first heap   total 189440K, used 79148K [0x00000006c0000000, 0x00000006c01005c8, 0x00000007c0000000)
  region size 1024K, 6 young (6144K), 6 survivors (6144K)
 Metaspace       used 67318K, capacity 74276K, committed 74388K, reserved 1114112K
  class space    used 7389K, capacity 9130K, committed 9164K, reserved 1048576K
}

