# JRE version: Java(TM) SE Runtime Environment (9.0+11) (build 9.0.4+11)
# Java VM: Java HotSpot(TM) 64-Bit Server VM (9.0.4+11, mixed mode, tiered, compressed oops, g1 gc, linux-amd64)
Heap:
 garbage-first heap   total 187392K, used 127085K [0x00000006c0000000, 0x00000006c01005b8, 0x00000007c0000000)
  region size 1024K, 52 young (53248K), 7 survivors (7168K)
 Metaspace       used 67441K, capacity 74336K, committed 74396K, reserved 1114112K
  class space    used 7391K, capacity 9171K, committed 9216K, reserved 1048576K
GC Heap History (10 events):
Event: 4.796 GC heap before
{Heap before GC invocations=11 (full 0):
 garbage-first heap   total 138240K, used 77264K [0x00000006c0000000, 0x00000006c0100438, 0x00000007c0000000)
  region size 1024K, 10 young (10240K), 5 survivors (5120K)
 Metaspace       used 49172K, capacity 53278K, committed 53448K, reserved 1095680K
  class space    used 5272K, capacity 6377K, committed 6400K, reserved 1048576K
}
Event: 4.801 GC heap after
{Heap after GC invocations=12 (full 0):
 garbage-first heap   total 187392K, used 73811K [0x00000006c0000000, 0x00000006c01005b8, 0x00000007c0000000)
  region size 1024K, 2 young (2048K), 2 survivors (2048K)
 Metaspace       used 49172K, capacity 53278K, committed 53448K, reserved 1095680K
  class space    used 5272K, capacity 6377K, committed 6400K, reserved 1048576K
}
Event: 5.725 GC heap before
{Heap before GC invocations=13 (full 0):
 garbage-first heap   total 187392K, used 107603K [0x00000006c0000000, 0x00000006c01005b8, 0x00000007c0000000)
  region size 1024K, 46 young (47104K), 2 survivors (2048K)
 Metaspace       used 56856K, capacity 61896K, committed 62108K, reserved 1103872K
  class space    used 6181K, capacity 7600K, committed 7680K, reserved 1048576K
}
Event: 5.734 GC heap after
{Heap after GC invocations=14 (full 0):
 garbage-first heap   total 187392K, used 75409K [0x00000006c0000000, 0x00000006c01005b8, 0x00000007c0000000)
  region size 1024K, 6 young (6144K), 6 survivors (6144K)
 Metaspace       used 56856K, capacity 61896K, committed 62108K, reserved 1103872K
  class space    used 6181K, capacity 7600K, committed 7680K, reserved 1048576K
}
Event: 5.796 GC heap before
{Heap before GC invocations=14 (full 0):
 garbage-first heap   total 187392K, used 78481K [0x00000006c0000000, 0x00000006c01005b8, 0x00000007c0000000)
  region size 1024K, 9 young (9216K), 6 survivors (6144K)
 Metaspace       used 57028K, capacity 62006K, committed 62108K, reserved 1103872K
  class space    used 6197K, capacity 7608K, committed 7680K, reserved 1048576K
}
Event: 5.804 GC heap after
{Heap after GC invocations=15 (full 0):
 garbage-first heap   total 187392K, used 69317K [0x00000006c0000000, 0x00000006c01005b8, 0x00000007c0000000)
  region size 1024K, 2 young (2048K), 2 survivors (2048K)
 Metaspace       used 57028K, capacity 62006K, committed 62108K, reserved 1103872K
  class space    used 6197K, capacity 7608K, committed 7680K, reserved 1048576K
}
Event: 6.111 GC heap before
{Heap before GC invocations=15 (full 0):
 garbage-first heap   total 187392K, used 120517K [0x00000006c0000000, 0x00000006c01005b8, 0x00000007c0000000)
  region size 1024K, 49 young (50176K), 2 survivors (2048K)
 Metaspace       used 59826K, capacity 65294K, committed 65436K, reserved 1105920K
  class space    used 6575K, capacity 8083K, committed 8192K, reserved 1048576K
}
Event: 6.124 GC heap after
{Heap after GC invocations=16 (full 0):
 garbage-first heap   total 187392K, used 78963K [0x00000006c0000000, 0x00000006c01005b8, 0x00000007c0000000)
  region size 1024K, 7 young (7168K), 7 survivors (7168K)
 Metaspace       used 59826K, capacity 65294K, committed 65436K, reserved 1105920K
  class space    used 6575K, capacity 8083K, committed 8192K, reserved 1048576K
}
Event: 6.312 GC heap before
{Heap before GC invocations=16 (full 0):
 garbage-first heap   total 187392K, used 127091K [0x00000006c0000000, 0x00000006c01005b8, 0x00000007c0000000)
  region size 1024K, 52 young (53248K), 7 survivors (7168K)
 Metaspace       used 62836K, capacity 68884K, committed 69020K, reserved 1110016K
  class space    used 6958K, capacity 8585K, committed 8704K, reserved 1048576K
}
Event: 6.322 GC heap after
{Heap after GC invocations=17 (full 0):
 garbage-first heap   total 187392K, used 82029K [0x00000006c0000000, 0x00000006c01005b8, 0x00000007c0000000)
  region size 1024K, 7 young (7168K), 7 survivors (7168K)
 Metaspace       used 62836K, capacity 68884K, committed 69020K, reserved 1110016K
  class space    used 6958K, capacity 8585K, committed 8704K, reserved 1048576K
}

